[debug] > Exec(early(addDefaultCommands), None, None)
[debug] > Exec(addDefaultCommands, None, None)
[debug] > Exec(early(initialize), None, None)
[debug] > Exec(initialize, None, None)
[debug] > Exec(boot, None, None)
[debug] > Exec(writeSbtVersion, None, None)
[debug] > Exec(reload, None, None)
[debug] > Exec(sbtStashOnFailure, None, None)
[debug] > Exec(onFailure loadFailed, None, None)
[debug] > Exec(loadp, None, None)
[info] welcome to sbt 1.5.6 (BellSoft Java 11.0.13)
[debug] Load.defaultLoad until apply took 242.125917ms
[debug]           Load.loadUnit: plugins took 44.184792ms
[debug]           Load.loadUnit: defsScala took 0.145667ms
[debug] [Loading] Scanning directory /Users/antonkluge/Programmieren/Scala/SudokuSolver/project
[debug] [Loading] Found non-root projects 
[debug] [Loading] Done in /Users/antonkluge/Programmieren/Scala/SudokuSolver/project, returning: ()
[debug] deducing auto plugins based on known facts Set(Atom(sbt.plugins.CorePlugin)) and clauses Clauses(Clause(Atom(sbt.plugins.JvmPlugin),Set(Atom(sbt.plugins.IvyPlugin)))
[debug] Clause(Atom(sbt.ScriptedPlugin),Set(Atom(sbt.plugins.JvmPlugin)))
[debug] Clause(Atom(sbt.plugins.SbtPlugin),Set(Atom(sbt.ScriptedPlugin)))
[debug] Clause(Atom(sbt.plugins.SemanticdbPlugin),Set(Atom(sbt.plugins.JvmPlugin)))
[debug] Clause(Atom(sbt.plugins.JUnitXmlReportPlugin),Set(Atom(sbt.plugins.JvmPlugin)))
[debug] Clause(Atom(sbt.plugins.MiniDependencyTreePlugin),Set(Atom(sbt.plugins.JvmPlugin)))
[debug] Clause(Atom(sbt.plugins.CorePlugin),Set(Atom(sbt.plugins.IvyPlugin)))
[debug] Clause(Atom(sbt.plugins.IvyPlugin),Set(Atom(sbt.plugins.JvmPlugin)))
[debug] Clause(Atom(sbt.plugins.JvmPlugin),Set(Atom(sbt.plugins.SemanticdbPlugin)))
[debug] Clause(Atom(sbt.plugins.JvmPlugin),Set(Atom(sbt.plugins.JUnitXmlReportPlugin)))
[debug] Clause(Atom(sbt.plugins.CorePlugin),Set(Atom(sbt.plugins.Giter8TemplatePlugin)))
[debug] Clause(Atom(sbt.plugins.JvmPlugin),Set(Atom(sbt.plugins.MiniDependencyTreePlugin))))
[debug]   :: deduced result: Matched(sbt.plugins.CorePlugin,sbt.plugins.Giter8TemplatePlugin,sbt.plugins.IvyPlugin,sbt.plugins.JvmPlugin,sbt.plugins.MiniDependencyTreePlugin,sbt.plugins.JUnitXmlReportPlugin,sbt.plugins.SemanticdbPlugin)
[debug] Plugins.deducer#function took 8.200375 ms
[debug]               Load.resolveProject(sudokusolver-build) took 26.186042ms
[debug]             Load.loadTransitive: finalizeProject(Project(id sudokusolver-build, base: /Users/antonkluge/Programmieren/Scala/SudokuSolver/project, plugins: List(<none>))) took 51.269208ms
[debug] [Loading] Done in /Users/antonkluge/Programmieren/Scala/SudokuSolver/project, returning: (sudokusolver-build)
[debug]           Load.loadUnit: loadedProjectsRaw took 60.055834ms
[debug]           Load.loadUnit: cleanEvalClasses took 0.107708ms
[debug]         Load.loadUnit(file:/Users/antonkluge/Programmieren/Scala/SudokuSolver/project/, ...) took 106.932042ms
[debug]       Load.apply: load took 268.555375ms
[debug]       Load.apply: resolveProjects took 2.890791ms
[debug]       Load.apply: finalTransforms took 32.3845ms
[debug]       Load.apply: config.delegates took 3.762416ms
